2017-01-25 15:00:35.524+0000 INFO  [o.n.k.i.s.f.RecordFormatSelector] Format not configured. Selected format from the store: RecordFormat:StandardV3_0[v0.A.7]
2017-01-25 15:00:35.524+0000 INFO  [o.n.u.b.i.BatchInserterImpl] Thread[main,5,main] Starting BatchInserter(EmbeddedBatchInserter[..\..\database])
2017-01-25 15:00:35.975+0000 INFO  [o.n.k.i.s.c.CountsTracker] About to rotate counts store at transaction 1 to [..\..\database\neostore.counts.db.b], from [..\..\database\neostore.counts.db.a].
2017-01-25 15:00:35.980+0000 INFO  [o.n.k.i.s.c.CountsTracker] Successfully rotated counts store at transaction 1 to [..\..\database\neostore.counts.db.b], from [..\..\database\neostore.counts.db.a].
2017-01-25 15:00:36.569+0000 INFO  [o.n.u.b.i.BatchInserterImpl] Thread[main,5,main] Clean shutdown on BatchInserter(EmbeddedBatchInserter[..\..\database])
2017-01-25 15:12:26.623+0000 INFO  [o.n.k.i.s.f.RecordFormatSelector] Format not configured. Selected format from the store: RecordFormat:StandardV3_0[v0.A.7]
2017-01-25 15:12:26.624+0000 INFO  [o.n.u.b.i.BatchInserterImpl] Thread[main,5,main] Starting BatchInserter(EmbeddedBatchInserter[..\..\database])
2017-01-25 15:12:27.042+0000 INFO  [o.n.k.i.s.c.CountsTracker] About to rotate counts store at transaction 4 to [..\..\database\neostore.counts.db.b], from [..\..\database\neostore.counts.db.a].
2017-01-25 15:12:27.061+0000 INFO  [o.n.k.i.s.c.CountsTracker] Successfully rotated counts store at transaction 4 to [..\..\database\neostore.counts.db.b], from [..\..\database\neostore.counts.db.a].
2017-01-25 15:12:27.602+0000 INFO  [o.n.u.b.i.BatchInserterImpl] Thread[main,5,main] Clean shutdown on BatchInserter(EmbeddedBatchInserter[..\..\database])
2017-01-25 15:13:18.738+0000 INFO  [o.n.k.i.s.f.RecordFormatSelector] Format not configured. Selected format from the store: RecordFormat:StandardV3_0[v0.A.7]
2017-01-25 15:13:18.739+0000 INFO  [o.n.u.b.i.BatchInserterImpl] Thread[main,5,main] Starting BatchInserter(EmbeddedBatchInserter[..\..\database])
2017-01-25 15:13:19.166+0000 INFO  [o.n.k.i.s.c.CountsTracker] About to rotate counts store at transaction 6 to [..\..\database\neostore.counts.db.b], from [..\..\database\neostore.counts.db.a].
2017-01-25 15:13:19.177+0000 INFO  [o.n.k.i.s.c.CountsTracker] Successfully rotated counts store at transaction 6 to [..\..\database\neostore.counts.db.b], from [..\..\database\neostore.counts.db.a].
2017-01-25 15:13:19.681+0000 INFO  [o.n.u.b.i.BatchInserterImpl] Thread[main,5,main] Clean shutdown on BatchInserter(EmbeddedBatchInserter[..\..\database])
2017-01-25 23:59:14.439+0000 INFO  [o.n.k.i.s.f.RecordFormatSelector] Format not configured. Selected format from the store: RecordFormat:StandardV3_0[v0.A.7]
2017-01-25 23:59:14.440+0000 INFO  [o.n.u.b.i.BatchInserterImpl] Thread[main,5,main] Starting BatchInserter(EmbeddedBatchInserter[..\..\database])
2017-01-25 23:59:15.471+0000 INFO  [o.n.k.i.s.c.CountsTracker] About to rotate counts store at transaction 7 to [..\..\database\neostore.counts.db.b], from [..\..\database\neostore.counts.db.a].
2017-01-25 23:59:15.485+0000 INFO  [o.n.k.i.s.c.CountsTracker] Successfully rotated counts store at transaction 7 to [..\..\database\neostore.counts.db.b], from [..\..\database\neostore.counts.db.a].
2017-01-25 23:59:18.242+0000 INFO  [o.n.u.b.i.BatchInserterImpl] Thread[main,5,main] Clean shutdown on BatchInserter(EmbeddedBatchInserter[..\..\database])
2017-01-26 00:02:30.654+0000 INFO  [o.n.k.i.s.f.RecordFormatSelector] Format not configured. Selected format from the store: RecordFormat:StandardV3_0[v0.A.7]
2017-01-26 00:02:30.655+0000 INFO  [o.n.u.b.i.BatchInserterImpl] Thread[main,5,main] Starting BatchInserter(EmbeddedBatchInserter[..\..\database])
2017-01-26 00:02:31.725+0000 INFO  [o.n.k.i.s.c.CountsTracker] About to rotate counts store at transaction 7 to [..\..\database\neostore.counts.db.a], from [..\..\database\neostore.counts.db.b].
2017-01-26 00:02:31.746+0000 INFO  [o.n.k.i.s.c.CountsTracker] Successfully rotated counts store at transaction 7 to [..\..\database\neostore.counts.db.a], from [..\..\database\neostore.counts.db.b].
2017-01-26 00:02:33.761+0000 INFO  [o.n.u.b.i.BatchInserterImpl] Thread[main,5,main] Clean shutdown on BatchInserter(EmbeddedBatchInserter[..\..\database])
2017-01-26 00:04:18.819+0000 INFO  [o.n.k.i.s.f.RecordFormatSelector] Format not configured. Selected format from the store: RecordFormat:StandardV3_0[v0.A.7]
2017-01-26 00:04:18.820+0000 INFO  [o.n.u.b.i.BatchInserterImpl] Thread[main,5,main] Starting BatchInserter(EmbeddedBatchInserter[..\..\database])
2017-01-26 00:04:19.812+0000 INFO  [o.n.k.i.s.c.CountsTracker] About to rotate counts store at transaction 7 to [..\..\database\neostore.counts.db.b], from [..\..\database\neostore.counts.db.a].
2017-01-26 00:04:19.818+0000 INFO  [o.n.k.i.s.c.CountsTracker] Successfully rotated counts store at transaction 7 to [..\..\database\neostore.counts.db.b], from [..\..\database\neostore.counts.db.a].
2017-01-26 00:04:21.903+0000 INFO  [o.n.u.b.i.BatchInserterImpl] Thread[main,5,main] Clean shutdown on BatchInserter(EmbeddedBatchInserter[..\..\database])
2017-01-26 00:11:25.568+0000 INFO  [o.n.k.i.s.f.RecordFormatSelector] Format not configured. Selected format from the store: RecordFormat:StandardV3_0[v0.A.7]
2017-01-26 00:11:25.568+0000 INFO  [o.n.u.b.i.BatchInserterImpl] Thread[main,5,main] Starting BatchInserter(EmbeddedBatchInserter[..\..\database])
2017-01-26 00:11:26.671+0000 INFO  [o.n.k.i.s.c.CountsTracker] About to rotate counts store at transaction 7 to [..\..\database\neostore.counts.db.a], from [..\..\database\neostore.counts.db.b].
2017-01-26 00:11:26.679+0000 INFO  [o.n.k.i.s.c.CountsTracker] Successfully rotated counts store at transaction 7 to [..\..\database\neostore.counts.db.a], from [..\..\database\neostore.counts.db.b].
2017-01-26 00:11:28.540+0000 INFO  [o.n.u.b.i.BatchInserterImpl] Thread[main,5,main] Clean shutdown on BatchInserter(EmbeddedBatchInserter[..\..\database])
2017-01-26 00:13:43.145+0000 INFO  [o.n.k.i.s.f.RecordFormatSelector] Format not configured. Selected format from the store: RecordFormat:StandardV3_0[v0.A.7]
2017-01-26 00:13:43.146+0000 INFO  [o.n.u.b.i.BatchInserterImpl] Thread[main,5,main] Starting BatchInserter(EmbeddedBatchInserter[..\..\database])
2017-01-26 00:13:44.817+0000 INFO  [o.n.k.i.s.c.CountsTracker] About to rotate counts store at transaction 7 to [..\..\database\neostore.counts.db.b], from [..\..\database\neostore.counts.db.a].
2017-01-26 00:13:44.825+0000 INFO  [o.n.k.i.s.c.CountsTracker] Successfully rotated counts store at transaction 7 to [..\..\database\neostore.counts.db.b], from [..\..\database\neostore.counts.db.a].
2017-01-26 00:13:46.905+0000 INFO  [o.n.u.b.i.BatchInserterImpl] Thread[main,5,main] Clean shutdown on BatchInserter(EmbeddedBatchInserter[..\..\database])
2017-01-26 00:15:59.815+0000 INFO  [o.n.k.i.s.f.RecordFormatSelector] Format not configured. Selected format from the store: RecordFormat:StandardV3_0[v0.A.7]
2017-01-26 00:15:59.816+0000 INFO  [o.n.u.b.i.BatchInserterImpl] Thread[main,5,main] Starting BatchInserter(EmbeddedBatchInserter[..\..\database])
2017-01-26 00:16:00.774+0000 INFO  [o.n.k.i.s.c.CountsTracker] About to rotate counts store at transaction 7 to [..\..\database\neostore.counts.db.a], from [..\..\database\neostore.counts.db.b].
2017-01-26 00:16:00.782+0000 INFO  [o.n.k.i.s.c.CountsTracker] Successfully rotated counts store at transaction 7 to [..\..\database\neostore.counts.db.a], from [..\..\database\neostore.counts.db.b].
2017-01-26 00:16:03.201+0000 INFO  [o.n.u.b.i.BatchInserterImpl] Thread[main,5,main] Clean shutdown on BatchInserter(EmbeddedBatchInserter[..\..\database])
2017-01-26 00:16:47.748+0000 INFO  [o.n.k.i.s.f.RecordFormatSelector] Format not configured. Selected format from the store: RecordFormat:StandardV3_0[v0.A.7]
2017-01-26 00:16:47.749+0000 INFO  [o.n.u.b.i.BatchInserterImpl] Thread[main,5,main] Starting BatchInserter(EmbeddedBatchInserter[..\..\database])
2017-01-26 00:16:48.732+0000 INFO  [o.n.k.i.s.c.CountsTracker] About to rotate counts store at transaction 7 to [..\..\database\neostore.counts.db.b], from [..\..\database\neostore.counts.db.a].
2017-01-26 00:16:48.740+0000 INFO  [o.n.k.i.s.c.CountsTracker] Successfully rotated counts store at transaction 7 to [..\..\database\neostore.counts.db.b], from [..\..\database\neostore.counts.db.a].
2017-01-26 00:16:50.898+0000 INFO  [o.n.u.b.i.BatchInserterImpl] Thread[main,5,main] Clean shutdown on BatchInserter(EmbeddedBatchInserter[..\..\database])
2017-01-26 00:17:05.792+0000 INFO  [o.n.k.i.s.f.RecordFormatSelector] Format not configured. Selected format from the store: RecordFormat:StandardV3_0[v0.A.7]
2017-01-26 00:17:05.793+0000 INFO  [o.n.u.b.i.BatchInserterImpl] Thread[main,5,main] Starting BatchInserter(EmbeddedBatchInserter[..\..\database])
2017-01-26 00:17:06.856+0000 INFO  [o.n.k.i.s.c.CountsTracker] About to rotate counts store at transaction 7 to [..\..\database\neostore.counts.db.a], from [..\..\database\neostore.counts.db.b].
2017-01-26 00:17:06.863+0000 INFO  [o.n.k.i.s.c.CountsTracker] Successfully rotated counts store at transaction 7 to [..\..\database\neostore.counts.db.a], from [..\..\database\neostore.counts.db.b].
2017-01-26 00:17:08.820+0000 INFO  [o.n.u.b.i.BatchInserterImpl] Thread[main,5,main] Clean shutdown on BatchInserter(EmbeddedBatchInserter[..\..\database])
2017-01-26 00:17:29.614+0000 INFO  [o.n.k.i.s.f.RecordFormatSelector] Format not configured. Selected format from the store: RecordFormat:StandardV3_0[v0.A.7]
2017-01-26 00:17:29.615+0000 INFO  [o.n.u.b.i.BatchInserterImpl] Thread[main,5,main] Starting BatchInserter(EmbeddedBatchInserter[..\..\database])
2017-01-26 00:17:30.609+0000 INFO  [o.n.k.i.s.c.CountsTracker] About to rotate counts store at transaction 7 to [..\..\database\neostore.counts.db.b], from [..\..\database\neostore.counts.db.a].
2017-01-26 00:17:30.617+0000 INFO  [o.n.k.i.s.c.CountsTracker] Successfully rotated counts store at transaction 7 to [..\..\database\neostore.counts.db.b], from [..\..\database\neostore.counts.db.a].
2017-01-26 00:17:32.555+0000 INFO  [o.n.u.b.i.BatchInserterImpl] Thread[main,5,main] Clean shutdown on BatchInserter(EmbeddedBatchInserter[..\..\database])
2017-01-26 00:17:48.854+0000 INFO  [o.n.k.i.s.f.RecordFormatSelector] Format not configured. Selected format from the store: RecordFormat:StandardV3_0[v0.A.7]
2017-01-26 00:17:48.855+0000 INFO  [o.n.u.b.i.BatchInserterImpl] Thread[main,5,main] Starting BatchInserter(EmbeddedBatchInserter[..\..\database])
2017-01-26 00:17:49.829+0000 INFO  [o.n.k.i.s.c.CountsTracker] About to rotate counts store at transaction 7 to [..\..\database\neostore.counts.db.a], from [..\..\database\neostore.counts.db.b].
2017-01-26 00:17:49.837+0000 INFO  [o.n.k.i.s.c.CountsTracker] Successfully rotated counts store at transaction 7 to [..\..\database\neostore.counts.db.a], from [..\..\database\neostore.counts.db.b].
2017-01-26 00:17:51.839+0000 INFO  [o.n.u.b.i.BatchInserterImpl] Thread[main,5,main] Clean shutdown on BatchInserter(EmbeddedBatchInserter[..\..\database])
2017-01-26 01:01:52.764+0000 INFO  [o.n.k.i.s.f.RecordFormatSelector] Format not configured. Selected format from the store: RecordFormat:StandardV3_0[v0.A.7]
2017-01-26 01:01:52.765+0000 INFO  [o.n.u.b.i.BatchInserterImpl] Thread[main,5,main] Starting BatchInserter(EmbeddedBatchInserter[..\..\database])
2017-01-26 01:01:54.055+0000 INFO  [o.n.k.i.s.c.CountsTracker] About to rotate counts store at transaction 7 to [..\..\database\neostore.counts.db.b], from [..\..\database\neostore.counts.db.a].
2017-01-26 01:01:54.086+0000 INFO  [o.n.k.i.s.c.CountsTracker] Successfully rotated counts store at transaction 7 to [..\..\database\neostore.counts.db.b], from [..\..\database\neostore.counts.db.a].
2017-01-26 01:01:57.502+0000 INFO  [o.n.u.b.i.BatchInserterImpl] Thread[main,5,main] Clean shutdown on BatchInserter(EmbeddedBatchInserter[..\..\database])
2017-01-26 01:02:15.471+0000 INFO  [o.n.k.i.s.f.RecordFormatSelector] Format not configured. Selected format from the store: RecordFormat:StandardV3_0[v0.A.7]
2017-01-26 01:02:15.472+0000 INFO  [o.n.u.b.i.BatchInserterImpl] Thread[main,5,main] Starting BatchInserter(EmbeddedBatchInserter[..\..\database])
2017-01-26 01:02:16.540+0000 INFO  [o.n.k.i.s.c.CountsTracker] About to rotate counts store at transaction 7 to [..\..\database\neostore.counts.db.a], from [..\..\database\neostore.counts.db.b].
2017-01-26 01:02:16.553+0000 INFO  [o.n.k.i.s.c.CountsTracker] Successfully rotated counts store at transaction 7 to [..\..\database\neostore.counts.db.a], from [..\..\database\neostore.counts.db.b].
2017-01-26 01:02:17.321+0000 INFO  [o.n.u.b.i.BatchInserterImpl] Thread[main,5,main] Clean shutdown on BatchInserter(EmbeddedBatchInserter[..\..\database])
2017-01-28 02:02:50.258+0000 INFO  [o.n.k.i.s.f.RecordFormatSelector] Format not configured. Selected format from the store: RecordFormat:StandardV3_0[v0.A.7]
2017-01-28 02:02:50.258+0000 INFO  [o.n.u.b.i.BatchInserterImpl] Thread[main,5,main] Starting BatchInserter(EmbeddedBatchInserter[..\..\database])
2017-01-28 02:02:51.298+0000 INFO  [o.n.k.i.s.c.CountsTracker] About to rotate counts store at transaction 7 to [..\..\database\neostore.counts.db.b], from [..\..\database\neostore.counts.db.a].
2017-01-28 02:02:51.328+0000 INFO  [o.n.k.i.s.c.CountsTracker] Successfully rotated counts store at transaction 7 to [..\..\database\neostore.counts.db.b], from [..\..\database\neostore.counts.db.a].
2017-01-28 02:02:53.756+0000 INFO  [o.n.u.b.i.BatchInserterImpl] Thread[main,5,main] Clean shutdown on BatchInserter(EmbeddedBatchInserter[..\..\database])
2017-01-30 16:54:58.773+0000 INFO  [o.n.k.i.s.f.RecordFormatSelector] Format not configured. Selected format from the store: RecordFormat:StandardV3_0[v0.A.7]
2017-01-30 16:54:58.774+0000 INFO  [o.n.u.b.i.BatchInserterImpl] Thread[main,5,main] Starting BatchInserter(EmbeddedBatchInserter[..\..\database])
2017-01-30 16:54:59.220+0000 INFO  [o.n.k.i.s.c.CountsTracker] About to rotate counts store at transaction 8 to [..\..\database\neostore.counts.db.b], from [..\..\database\neostore.counts.db.a].
2017-01-30 16:54:59.223+0000 INFO  [o.n.k.i.s.c.CountsTracker] Successfully rotated counts store at transaction 8 to [..\..\database\neostore.counts.db.b], from [..\..\database\neostore.counts.db.a].
2017-01-30 16:54:59.653+0000 INFO  [o.n.u.b.i.BatchInserterImpl] Thread[main,5,main] Clean shutdown on BatchInserter(EmbeddedBatchInserter[..\..\database])
2017-01-30 17:03:01.931+0000 INFO  [o.n.k.i.s.f.RecordFormatSelector] Format not configured. Selected format from the store: RecordFormat:StandardV3_0[v0.A.7]
2017-01-30 17:03:01.932+0000 INFO  [o.n.u.b.i.BatchInserterImpl] Thread[main,5,main] Starting BatchInserter(EmbeddedBatchInserter[..\..\database])
2017-01-30 17:03:02.432+0000 INFO  [o.n.k.i.s.c.CountsTracker] About to rotate counts store at transaction 9 to [..\..\database\neostore.counts.db.b], from [..\..\database\neostore.counts.db.a].
2017-01-30 17:03:02.435+0000 INFO  [o.n.k.i.s.c.CountsTracker] Successfully rotated counts store at transaction 9 to [..\..\database\neostore.counts.db.b], from [..\..\database\neostore.counts.db.a].
2017-01-30 17:03:02.898+0000 INFO  [o.n.u.b.i.BatchInserterImpl] Thread[main,5,main] Clean shutdown on BatchInserter(EmbeddedBatchInserter[..\..\database])
2017-01-31 07:45:09.202+0000 INFO  [o.n.k.i.s.f.RecordFormatSelector] Format not configured. Selected format from the store: RecordFormat:StandardV3_0[v0.A.7]
2017-01-31 07:45:09.203+0000 INFO  [o.n.u.b.i.BatchInserterImpl] Thread[main,5,main] Starting BatchInserter(EmbeddedBatchInserter[..\..\database])
2017-01-31 07:45:09.656+0000 INFO  [o.n.k.i.s.c.CountsTracker] About to rotate counts store at transaction 10 to [..\..\database\neostore.counts.db.b], from [..\..\database\neostore.counts.db.a].
2017-01-31 07:45:09.659+0000 INFO  [o.n.k.i.s.c.CountsTracker] Successfully rotated counts store at transaction 10 to [..\..\database\neostore.counts.db.b], from [..\..\database\neostore.counts.db.a].
2017-01-31 07:45:10.136+0000 INFO  [o.n.u.b.i.BatchInserterImpl] Thread[main,5,main] Clean shutdown on BatchInserter(EmbeddedBatchInserter[..\..\database])
2017-01-31 08:58:26.279+0000 INFO  [o.n.k.i.s.f.RecordFormatSelector] Format not configured. Selected format from the store: RecordFormat:StandardV3_0[v0.A.7]
2017-01-31 08:58:26.280+0000 INFO  [o.n.u.b.i.BatchInserterImpl] Thread[main,5,main] Starting BatchInserter(EmbeddedBatchInserter[..\..\database])
2017-01-31 08:58:26.757+0000 INFO  [o.n.k.i.s.c.CountsTracker] About to rotate counts store at transaction 11 to [..\..\database\neostore.counts.db.b], from [..\..\database\neostore.counts.db.a].
2017-01-31 08:58:26.762+0000 INFO  [o.n.k.i.s.c.CountsTracker] Successfully rotated counts store at transaction 11 to [..\..\database\neostore.counts.db.b], from [..\..\database\neostore.counts.db.a].
2017-01-31 08:58:27.230+0000 INFO  [o.n.u.b.i.BatchInserterImpl] Thread[main,5,main] Clean shutdown on BatchInserter(EmbeddedBatchInserter[..\..\database])
2017-01-31 08:59:09.415+0000 INFO  [o.n.k.i.s.f.RecordFormatSelector] Format not configured. Selected format from the store: RecordFormat:StandardV3_0[v0.A.7]
2017-01-31 08:59:09.416+0000 INFO  [o.n.u.b.i.BatchInserterImpl] Thread[main,5,main] Starting BatchInserter(EmbeddedBatchInserter[..\..\database])
2017-01-31 08:59:09.817+0000 INFO  [o.n.k.i.s.c.CountsTracker] About to rotate counts store at transaction 12 to [..\..\database\neostore.counts.db.b], from [..\..\database\neostore.counts.db.a].
2017-01-31 08:59:09.822+0000 INFO  [o.n.k.i.s.c.CountsTracker] Successfully rotated counts store at transaction 12 to [..\..\database\neostore.counts.db.b], from [..\..\database\neostore.counts.db.a].
2017-01-31 08:59:10.291+0000 INFO  [o.n.u.b.i.BatchInserterImpl] Thread[main,5,main] Clean shutdown on BatchInserter(EmbeddedBatchInserter[..\..\database])
2017-01-31 08:59:44.116+0000 INFO  [o.n.k.i.s.f.RecordFormatSelector] Format not configured. Selected format from the store: RecordFormat:StandardV3_0[v0.A.7]
2017-01-31 08:59:44.117+0000 INFO  [o.n.u.b.i.BatchInserterImpl] Thread[main,5,main] Starting BatchInserter(EmbeddedBatchInserter[..\..\database])
2017-01-31 09:00:20.516+0000 INFO  [o.n.k.i.s.f.RecordFormatSelector] Format not configured. Selected format from the store: RecordFormat:StandardV3_0[v0.A.7]
2017-01-31 09:00:20.517+0000 INFO  [o.n.u.b.i.BatchInserterImpl] Thread[main,5,main] Starting BatchInserter(EmbeddedBatchInserter[..\..\database])
2017-01-31 09:00:51.143+0000 INFO  [o.n.k.i.s.c.CountsTracker] About to rotate counts store at transaction 13 to [..\..\database\neostore.counts.db.b], from [..\..\database\neostore.counts.db.a].
2017-01-31 09:00:51.149+0000 INFO  [o.n.k.i.s.c.CountsTracker] Successfully rotated counts store at transaction 13 to [..\..\database\neostore.counts.db.b], from [..\..\database\neostore.counts.db.a].
2017-01-31 09:00:51.662+0000 INFO  [o.n.u.b.i.BatchInserterImpl] Thread[main,5,main] Clean shutdown on BatchInserter(EmbeddedBatchInserter[..\..\database])
2017-01-31 09:08:13.940+0000 INFO  [o.n.k.i.s.f.RecordFormatSelector] Format not configured. Selected format from the store: RecordFormat:StandardV3_0[v0.A.7]
2017-01-31 09:08:13.941+0000 INFO  [o.n.u.b.i.BatchInserterImpl] Thread[main,5,main] Starting BatchInserter(EmbeddedBatchInserter[..\..\database])
2017-01-31 09:08:14.405+0000 INFO  [o.n.k.i.s.c.CountsTracker] About to rotate counts store at transaction 14 to [..\..\database\neostore.counts.db.b], from [..\..\database\neostore.counts.db.a].
2017-01-31 09:08:14.409+0000 INFO  [o.n.k.i.s.c.CountsTracker] Successfully rotated counts store at transaction 14 to [..\..\database\neostore.counts.db.b], from [..\..\database\neostore.counts.db.a].
2017-01-31 09:08:14.902+0000 INFO  [o.n.u.b.i.BatchInserterImpl] Thread[main,5,main] Clean shutdown on BatchInserter(EmbeddedBatchInserter[..\..\database])
2017-01-31 09:36:00.250+0000 INFO  [o.n.k.i.s.f.RecordFormatSelector] Format not configured. Selected format from the store: RecordFormat:StandardV3_0[v0.A.7]
2017-01-31 09:36:00.251+0000 INFO  [o.n.u.b.i.BatchInserterImpl] Thread[main,5,main] Starting BatchInserter(EmbeddedBatchInserter[..\..\database])
2017-01-31 09:36:00.702+0000 INFO  [o.n.k.i.s.c.CountsTracker] About to rotate counts store at transaction 15 to [..\..\database\neostore.counts.db.b], from [..\..\database\neostore.counts.db.a].
2017-01-31 09:36:00.707+0000 INFO  [o.n.k.i.s.c.CountsTracker] Successfully rotated counts store at transaction 15 to [..\..\database\neostore.counts.db.b], from [..\..\database\neostore.counts.db.a].
2017-01-31 09:36:01.177+0000 INFO  [o.n.u.b.i.BatchInserterImpl] Thread[main,5,main] Clean shutdown on BatchInserter(EmbeddedBatchInserter[..\..\database])
2017-02-06 15:04:47.077+0000 INFO  [o.n.k.i.s.f.RecordFormatSelector] Format not configured. Selected format from the store: RecordFormat:StandardV3_0[v0.A.7]
2017-02-06 15:04:47.109+0000 INFO  [o.n.u.b.i.BatchInserterImpl] Thread[AWT-EventQueue-0,6,main] Starting BatchInserter(EmbeddedBatchInserter[..\..\database])
2017-02-06 15:04:48.281+0000 INFO  [o.n.k.i.s.c.CountsTracker] About to rotate counts store at transaction 16 to [..\..\database\neostore.counts.db.b], from [..\..\database\neostore.counts.db.a].
2017-02-06 15:04:48.296+0000 INFO  [o.n.k.i.s.c.CountsTracker] Successfully rotated counts store at transaction 16 to [..\..\database\neostore.counts.db.b], from [..\..\database\neostore.counts.db.a].
2017-02-06 15:04:50.937+0000 INFO  [o.n.u.b.i.BatchInserterImpl] Thread[AWT-EventQueue-0,6,main] Clean shutdown on BatchInserter(EmbeddedBatchInserter[..\..\database])
2017-02-08 10:43:47.602+0000 INFO  [o.n.k.i.s.f.RecordFormatSelector] Format not configured. Selected format from the store: RecordFormat:StandardV3_0[v0.A.7]
2017-02-08 10:43:47.617+0000 INFO  [o.n.u.b.i.BatchInserterImpl] Thread[AWT-EventQueue-0,6,main] Starting BatchInserter(EmbeddedBatchInserter[..\..\database])
2017-02-08 10:43:48.712+0000 INFO  [o.n.k.i.s.c.CountsTracker] About to rotate counts store at transaction 17 to [..\..\database\neostore.counts.db.b], from [..\..\database\neostore.counts.db.a].
2017-02-08 10:43:48.743+0000 INFO  [o.n.k.i.s.c.CountsTracker] Successfully rotated counts store at transaction 17 to [..\..\database\neostore.counts.db.b], from [..\..\database\neostore.counts.db.a].
2017-02-08 10:43:51.092+0000 INFO  [o.n.u.b.i.BatchInserterImpl] Thread[AWT-EventQueue-0,6,main] Clean shutdown on BatchInserter(EmbeddedBatchInserter[..\..\database])
2017-02-08 10:46:19.227+0000 INFO  [o.n.k.i.s.f.RecordFormatSelector] Format not configured. Selected format from the store: RecordFormat:StandardV3_0[v0.A.7]
2017-02-08 10:46:19.242+0000 INFO  [o.n.u.b.i.BatchInserterImpl] Thread[AWT-EventQueue-0,6,main] Starting BatchInserter(EmbeddedBatchInserter[..\..\database])
2017-02-08 10:46:20.200+0000 INFO  [o.n.k.i.s.c.CountsTracker] About to rotate counts store at transaction 18 to [..\..\database\neostore.counts.db.b], from [..\..\database\neostore.counts.db.a].
2017-02-08 10:46:20.200+0000 INFO  [o.n.k.i.s.c.CountsTracker] Successfully rotated counts store at transaction 18 to [..\..\database\neostore.counts.db.b], from [..\..\database\neostore.counts.db.a].
2017-02-08 10:46:22.967+0000 INFO  [o.n.u.b.i.BatchInserterImpl] Thread[AWT-EventQueue-0,6,main] Clean shutdown on BatchInserter(EmbeddedBatchInserter[..\..\database])
2017-02-08 10:48:23.545+0000 INFO  [o.n.k.i.s.f.RecordFormatSelector] Format not configured. Selected format from the store: RecordFormat:StandardV3_0[v0.A.7]
2017-02-08 10:48:23.545+0000 INFO  [o.n.u.b.i.BatchInserterImpl] Thread[AWT-EventQueue-0,6,main] Starting BatchInserter(EmbeddedBatchInserter[..\..\database])
2017-02-08 10:48:24.506+0000 INFO  [o.n.k.i.s.c.CountsTracker] About to rotate counts store at transaction 19 to [..\..\database\neostore.counts.db.b], from [..\..\database\neostore.counts.db.a].
2017-02-08 10:48:24.522+0000 INFO  [o.n.k.i.s.c.CountsTracker] Successfully rotated counts store at transaction 19 to [..\..\database\neostore.counts.db.b], from [..\..\database\neostore.counts.db.a].
2017-02-08 10:48:26.942+0000 INFO  [o.n.u.b.i.BatchInserterImpl] Thread[AWT-EventQueue-0,6,main] Clean shutdown on BatchInserter(EmbeddedBatchInserter[..\..\database])
2017-02-08 10:57:06.647+0000 INFO  [o.n.k.i.s.f.RecordFormatSelector] Format not configured. Selected format from the store: RecordFormat:StandardV3_0[v0.A.7]
2017-02-08 10:57:06.648+0000 INFO  [o.n.u.b.i.BatchInserterImpl] Thread[AWT-EventQueue-0,6,main] Starting BatchInserter(EmbeddedBatchInserter[..\..\database])
2017-02-08 10:57:07.663+0000 INFO  [o.n.k.i.s.c.CountsTracker] About to rotate counts store at transaction 20 to [..\..\database\neostore.counts.db.b], from [..\..\database\neostore.counts.db.a].
2017-02-08 10:57:07.666+0000 INFO  [o.n.k.i.s.c.CountsTracker] Successfully rotated counts store at transaction 20 to [..\..\database\neostore.counts.db.b], from [..\..\database\neostore.counts.db.a].
2017-02-08 10:57:10.054+0000 INFO  [o.n.u.b.i.BatchInserterImpl] Thread[AWT-EventQueue-0,6,main] Clean shutdown on BatchInserter(EmbeddedBatchInserter[..\..\database])
2017-02-08 11:32:14.867+0000 INFO  [o.n.k.i.s.f.RecordFormatSelector] Format not configured. Selected format from the store: RecordFormat:StandardV3_0[v0.A.7]
2017-02-08 11:32:14.867+0000 INFO  [o.n.u.b.i.BatchInserterImpl] Thread[AWT-EventQueue-0,6,main] Starting BatchInserter(EmbeddedBatchInserter[..\..\database])
2017-02-08 11:32:15.816+0000 INFO  [o.n.k.i.s.c.CountsTracker] About to rotate counts store at transaction 21 to [..\..\database\neostore.counts.db.b], from [..\..\database\neostore.counts.db.a].
2017-02-08 11:32:15.816+0000 INFO  [o.n.k.i.s.c.CountsTracker] Successfully rotated counts store at transaction 21 to [..\..\database\neostore.counts.db.b], from [..\..\database\neostore.counts.db.a].
2017-02-08 11:32:18.197+0000 INFO  [o.n.u.b.i.BatchInserterImpl] Thread[AWT-EventQueue-0,6,main] Clean shutdown on BatchInserter(EmbeddedBatchInserter[..\..\database])
2017-02-08 11:34:41.990+0000 INFO  [o.n.k.i.s.f.RecordFormatSelector] Format not configured. Selected format from the store: RecordFormat:StandardV3_0[v0.A.7]
2017-02-08 11:34:41.990+0000 INFO  [o.n.u.b.i.BatchInserterImpl] Thread[AWT-EventQueue-0,6,main] Starting BatchInserter(EmbeddedBatchInserter[..\..\database])
2017-02-08 11:34:43.205+0000 INFO  [o.n.k.i.s.c.CountsTracker] About to rotate counts store at transaction 22 to [..\..\database\neostore.counts.db.b], from [..\..\database\neostore.counts.db.a].
2017-02-08 11:34:43.221+0000 INFO  [o.n.k.i.s.c.CountsTracker] Successfully rotated counts store at transaction 22 to [..\..\database\neostore.counts.db.b], from [..\..\database\neostore.counts.db.a].
2017-02-08 11:34:45.593+0000 INFO  [o.n.u.b.i.BatchInserterImpl] Thread[AWT-EventQueue-0,6,main] Clean shutdown on BatchInserter(EmbeddedBatchInserter[..\..\database])
2017-02-08 12:01:56.327+0000 INFO  [o.n.k.i.s.f.RecordFormatSelector] Format not configured. Selected format from the store: RecordFormat:StandardV3_0[v0.A.7]
2017-02-08 12:01:56.327+0000 INFO  [o.n.u.b.i.BatchInserterImpl] Thread[AWT-EventQueue-0,6,main] Starting BatchInserter(EmbeddedBatchInserter[..\..\database])
2017-02-08 12:01:57.344+0000 INFO  [o.n.k.i.s.c.CountsTracker] About to rotate counts store at transaction 23 to [..\..\database\neostore.counts.db.b], from [..\..\database\neostore.counts.db.a].
2017-02-08 12:01:57.344+0000 INFO  [o.n.k.i.s.c.CountsTracker] Successfully rotated counts store at transaction 23 to [..\..\database\neostore.counts.db.b], from [..\..\database\neostore.counts.db.a].
2017-02-08 12:01:59.606+0000 INFO  [o.n.u.b.i.BatchInserterImpl] Thread[AWT-EventQueue-0,6,main] Clean shutdown on BatchInserter(EmbeddedBatchInserter[..\..\database])
2017-02-08 12:57:36.872+0000 INFO  [o.n.k.i.s.f.RecordFormatSelector] Format not configured. Selected format from the store: RecordFormat:StandardV3_0[v0.A.7]
2017-02-08 12:57:36.872+0000 INFO  [o.n.u.b.i.BatchInserterImpl] Thread[AWT-EventQueue-0,6,main] Starting BatchInserter(EmbeddedBatchInserter[..\..\database])
2017-02-08 12:57:37.947+0000 INFO  [o.n.k.i.s.c.CountsTracker] About to rotate counts store at transaction 24 to [..\..\database\neostore.counts.db.b], from [..\..\database\neostore.counts.db.a].
2017-02-08 12:57:37.947+0000 INFO  [o.n.k.i.s.c.CountsTracker] Successfully rotated counts store at transaction 24 to [..\..\database\neostore.counts.db.b], from [..\..\database\neostore.counts.db.a].
2017-02-08 12:57:40.301+0000 INFO  [o.n.u.b.i.BatchInserterImpl] Thread[AWT-EventQueue-0,6,main] Clean shutdown on BatchInserter(EmbeddedBatchInserter[..\..\database])
2017-02-08 13:35:25.299+0000 INFO  [o.n.k.i.s.f.RecordFormatSelector] Format not configured. Selected format from the store: RecordFormat:StandardV3_0[v0.A.7]
2017-02-08 13:35:25.306+0000 INFO  [o.n.u.b.i.BatchInserterImpl] Thread[AWT-EventQueue-0,6,main] Starting BatchInserter(EmbeddedBatchInserter[..\..\database])
2017-02-08 13:35:26.508+0000 INFO  [o.n.k.i.s.c.CountsTracker] About to rotate counts store at transaction 25 to [..\..\database\neostore.counts.db.b], from [..\..\database\neostore.counts.db.a].
2017-02-08 13:35:26.522+0000 INFO  [o.n.k.i.s.c.CountsTracker] Successfully rotated counts store at transaction 25 to [..\..\database\neostore.counts.db.b], from [..\..\database\neostore.counts.db.a].
2017-02-08 13:35:30.594+0000 INFO  [o.n.u.b.i.BatchInserterImpl] Thread[AWT-EventQueue-0,6,main] Clean shutdown on BatchInserter(EmbeddedBatchInserter[..\..\database])
2017-02-08 13:47:12.525+0000 INFO  [o.n.k.i.s.f.RecordFormatSelector] Format not configured. Selected format from the store: RecordFormat:StandardV3_0[v0.A.7]
2017-02-08 13:47:12.526+0000 INFO  [o.n.u.b.i.BatchInserterImpl] Thread[AWT-EventQueue-0,6,main] Starting BatchInserter(EmbeddedBatchInserter[..\..\database])
2017-02-08 13:47:13.567+0000 INFO  [o.n.k.i.s.c.CountsTracker] About to rotate counts store at transaction 26 to [..\..\database\neostore.counts.db.b], from [..\..\database\neostore.counts.db.a].
2017-02-08 13:47:13.587+0000 INFO  [o.n.k.i.s.c.CountsTracker] Successfully rotated counts store at transaction 26 to [..\..\database\neostore.counts.db.b], from [..\..\database\neostore.counts.db.a].
2017-02-08 13:47:15.811+0000 INFO  [o.n.u.b.i.BatchInserterImpl] Thread[AWT-EventQueue-0,6,main] Clean shutdown on BatchInserter(EmbeddedBatchInserter[..\..\database])
2017-02-08 13:56:20.542+0000 INFO  [o.n.k.i.s.f.RecordFormatSelector] Format not configured. Selected format from the store: RecordFormat:StandardV3_0[v0.A.7]
2017-02-08 13:56:20.550+0000 INFO  [o.n.u.b.i.BatchInserterImpl] Thread[AWT-EventQueue-0,6,main] Starting BatchInserter(EmbeddedBatchInserter[..\..\database])
2017-02-08 13:56:21.623+0000 INFO  [o.n.k.i.s.c.CountsTracker] About to rotate counts store at transaction 27 to [..\..\database\neostore.counts.db.b], from [..\..\database\neostore.counts.db.a].
2017-02-08 13:56:21.638+0000 INFO  [o.n.k.i.s.c.CountsTracker] Successfully rotated counts store at transaction 27 to [..\..\database\neostore.counts.db.b], from [..\..\database\neostore.counts.db.a].
2017-02-08 13:56:24.096+0000 INFO  [o.n.u.b.i.BatchInserterImpl] Thread[AWT-EventQueue-0,6,main] Clean shutdown on BatchInserter(EmbeddedBatchInserter[..\..\database])
2017-02-09 21:50:19.254+0000 INFO  [o.n.k.i.s.f.RecordFormatSelector] Format not configured. Selected format from the store: RecordFormat:StandardV3_0[v0.A.7]
2017-02-09 21:50:19.255+0000 INFO  [o.n.u.b.i.BatchInserterImpl] Thread[AWT-EventQueue-0,6,main] Starting BatchInserter(EmbeddedBatchInserter[..\..\database])
2017-02-09 21:50:19.659+0000 INFO  [o.n.k.i.s.c.CountsTracker] About to rotate counts store at transaction 27 to [..\..\database\neostore.counts.db.a], from [..\..\database\neostore.counts.db.b].
2017-02-09 21:50:19.665+0000 INFO  [o.n.k.i.s.c.CountsTracker] Successfully rotated counts store at transaction 27 to [..\..\database\neostore.counts.db.a], from [..\..\database\neostore.counts.db.b].
2017-02-09 21:50:20.052+0000 INFO  [o.n.u.b.i.BatchInserterImpl] Thread[AWT-EventQueue-0,6,main] Clean shutdown on BatchInserter(EmbeddedBatchInserter[..\..\database])
2017-02-10 09:00:33.708+0000 INFO  [o.n.k.i.s.f.RecordFormatSelector] Format not configured. Selected format from the store: RecordFormat:StandardV3_0[v0.A.7]
2017-02-10 09:00:33.708+0000 INFO  [o.n.u.b.i.BatchInserterImpl] Thread[AWT-EventQueue-0,6,main] Starting BatchInserter(EmbeddedBatchInserter[..\..\database])
2017-02-10 09:00:34.958+0000 INFO  [o.n.k.i.s.c.CountsTracker] About to rotate counts store at transaction 28 to [..\..\database\neostore.counts.db.a], from [..\..\database\neostore.counts.db.b].
2017-02-10 09:00:34.974+0000 INFO  [o.n.k.i.s.c.CountsTracker] Successfully rotated counts store at transaction 28 to [..\..\database\neostore.counts.db.a], from [..\..\database\neostore.counts.db.b].
2017-02-10 09:00:37.583+0000 INFO  [o.n.u.b.i.BatchInserterImpl] Thread[AWT-EventQueue-0,6,main] Clean shutdown on BatchInserter(EmbeddedBatchInserter[..\..\database])
